Not Found: /robots.txt
Not Found: /
Not Found: /wp-includes/ID3/license.txt
Not Found: /feed/
Not Found: /xmlrpc.php
Not Found: /blog/wp-includes/wlwmanifest.xml
Not Found: /web/wp-includes/wlwmanifest.xml
Not Found: /wordpress/wp-includes/wlwmanifest.xml
Not Found: /wp/wp-includes/wlwmanifest.xml
Not Found: /2020/wp-includes/wlwmanifest.xml
Not Found: /2019/wp-includes/wlwmanifest.xml
Not Found: /2021/wp-includes/wlwmanifest.xml
Not Found: /shop/wp-includes/wlwmanifest.xml
Not Found: /wp1/wp-includes/wlwmanifest.xml
Not Found: /test/wp-includes/wlwmanifest.xml
Not Found: /site/wp-includes/wlwmanifest.xml
Not Found: /cms/wp-includes/wlwmanifest.xml
Not Found: /actuator/gateway/routes
Not Found: /
Not Found: /ab2g
Not Found: /ab2h
Not Found: /
Not Found: /
Message: tab crashed
  (Session info: headless chrome=108.0.5359.124)
Stacktrace:
#0 0x5605098ba2a3 <unknown>
#1 0x560509678dfd <unknown>
#2 0x560509664b78 <unknown>
#3 0x560509664250 <unknown>
#4 0x5605096633d2 <unknown>
#5 0x560509663225 <unknown>
#6 0x560509661dc6 <unknown>
#7 0x560509662244 <unknown>
#8 0x560509660c21 <unknown>
#9 0x56050967050c <unknown>
#10 0x560509660704 <unknown>
#11 0x560509662ecc <unknown>
#12 0x560509661dc6 <unknown>
#13 0x560509662244 <unknown>
#14 0x560509660c21 <unknown>
#15 0x56050966d4f0 <unknown>
#16 0x560509660704 <unknown>
#17 0x560509662ecc <unknown>
#18 0x560509661dc6 <unknown>
#19 0x560509662244 <unknown>
#20 0x560509660c21 <unknown>
#21 0x560509668eef <unknown>
#22 0x560509660704 <unknown>
#23 0x560509662ecc <unknown>
#24 0x560509661dc6 <unknown>
#25 0x560509662244 <unknown>
#26 0x560509660c21 <unknown>
#27 0x5605096598f2 <unknown>
#28 0x560509660704 <unknown>
#29 0x56050965fd1a <unknown>
#30 0x56050965f855 <unknown>
#31 0x56050967a7a2 <unknown>
#32 0x56050965393f <unknown>
#33 0x560509652875 <unknown>
#34 0x5605096de20f <unknown>
#35 0x5605096dda5f <unknown>
#36 0x5605096d5903 <unknown>
#37 0x5605096a8ece <unknown>
#38 0x5605096a9fde <unknown>
#39 0x56050990a63e <unknown>
#40 0x56050990db79 <unknown>
#41 0x5605098f089e <unknown>
#42 0x56050990ea83 <unknown>
#43 0x5605098e3505 <unknown>
#44 0x56050992fca8 <unknown>
#45 0x56050992fe36 <unknown>
#46 0x56050994b333 <unknown>
#47 0x7f3768b071cf start_thread

Message: tab crashed
  (Session info: headless chrome=108.0.5359.124)
Stacktrace:
#0 0x55b75477f2a3 <unknown>
#1 0x55b75453ddfd <unknown>
#2 0x55b754529b78 <unknown>
#3 0x55b754529250 <unknown>
#4 0x55b7545283d2 <unknown>
#5 0x55b754528225 <unknown>
#6 0x55b754526dc6 <unknown>
#7 0x55b754527244 <unknown>
#8 0x55b754525c21 <unknown>
#9 0x55b75453550c <unknown>
#10 0x55b754525704 <unknown>
#11 0x55b754527ecc <unknown>
#12 0x55b754526dc6 <unknown>
#13 0x55b754527244 <unknown>
#14 0x55b754525c21 <unknown>
#15 0x55b7545324f0 <unknown>
#16 0x55b754525704 <unknown>
#17 0x55b754527ecc <unknown>
#18 0x55b754526dc6 <unknown>
#19 0x55b754527244 <unknown>
#20 0x55b754525c21 <unknown>
#21 0x55b75452deef <unknown>
#22 0x55b754525704 <unknown>
#23 0x55b754527ecc <unknown>
#24 0x55b754526dc6 <unknown>
#25 0x55b754527244 <unknown>
#26 0x55b754525c21 <unknown>
#27 0x55b75451e8f2 <unknown>
#28 0x55b754525704 <unknown>
#29 0x55b754524d1a <unknown>
#30 0x55b754524855 <unknown>
#31 0x55b75453f7a2 <unknown>
#32 0x55b75451893f <unknown>
#33 0x55b754517875 <unknown>
#34 0x55b7545a320f <unknown>
#35 0x55b7545a2a5f <unknown>
#36 0x55b75459a903 <unknown>
#37 0x55b75456dece <unknown>
#38 0x55b75456efde <unknown>
#39 0x55b7547cf63e <unknown>
#40 0x55b7547d2b79 <unknown>
#41 0x55b7547b589e <unknown>
#42 0x55b7547d3a83 <unknown>
#43 0x55b7547a8505 <unknown>
#44 0x55b7547f4ca8 <unknown>
#45 0x55b7547f4e36 <unknown>
#46 0x55b754810333 <unknown>
#47 0x7fa7d6d5f1cf start_thread

Message: tab crashed
  (Session info: headless chrome=108.0.5359.124)
Stacktrace:
#0 0x560cff2fe2a3 <unknown>
#1 0x560cff0bcdfd <unknown>
#2 0x560cff0a8b78 <unknown>
#3 0x560cff0a8250 <unknown>
#4 0x560cff0a73d2 <unknown>
#5 0x560cff0a7225 <unknown>
#6 0x560cff0a5dc6 <unknown>
#7 0x560cff0a6244 <unknown>
#8 0x560cff0a4c21 <unknown>
#9 0x560cff0b450c <unknown>
#10 0x560cff0a4704 <unknown>
#11 0x560cff0a6ecc <unknown>
#12 0x560cff0a5dc6 <unknown>
#13 0x560cff0a6244 <unknown>
#14 0x560cff0a4c21 <unknown>
#15 0x560cff0b14f0 <unknown>
#16 0x560cff0a4704 <unknown>
#17 0x560cff0a6ecc <unknown>
#18 0x560cff0a5dc6 <unknown>
#19 0x560cff0a6244 <unknown>
#20 0x560cff0a4c21 <unknown>
#21 0x560cff0aceef <unknown>
#22 0x560cff0a4704 <unknown>
#23 0x560cff0a6ecc <unknown>
#24 0x560cff0a5dc6 <unknown>
#25 0x560cff0a6244 <unknown>
#26 0x560cff0a4c21 <unknown>
#27 0x560cff09d8f2 <unknown>
#28 0x560cff0a4704 <unknown>
#29 0x560cff0a3d1a <unknown>
#30 0x560cff0a3855 <unknown>
#31 0x560cff0be7a2 <unknown>
#32 0x560cff09793f <unknown>
#33 0x560cff096875 <unknown>
#34 0x560cff12220f <unknown>
#35 0x560cff121a5f <unknown>
#36 0x560cff119903 <unknown>
#37 0x560cff0ecece <unknown>
#38 0x560cff0edfde <unknown>
#39 0x560cff34e63e <unknown>
#40 0x560cff351b79 <unknown>
#41 0x560cff33489e <unknown>
#42 0x560cff352a83 <unknown>
#43 0x560cff327505 <unknown>
#44 0x560cff373ca8 <unknown>
#45 0x560cff373e36 <unknown>
#46 0x560cff38f333 <unknown>
#47 0x7f11d0e111cf start_thread

Not Found: /remote/fgt_lang
Message: tab crashed
  (Session info: headless chrome=108.0.5359.124)
Stacktrace:
#0 0x558d1994b2a3 <unknown>
#1 0x558d19709dfd <unknown>
#2 0x558d196f5b78 <unknown>
#3 0x558d196f5250 <unknown>
#4 0x558d196f43d2 <unknown>
#5 0x558d196f4225 <unknown>
#6 0x558d196f2dc6 <unknown>
#7 0x558d196f3244 <unknown>
#8 0x558d196f1c21 <unknown>
#9 0x558d1970150c <unknown>
#10 0x558d196f1704 <unknown>
#11 0x558d196f3ecc <unknown>
#12 0x558d196f2dc6 <unknown>
#13 0x558d196f3244 <unknown>
#14 0x558d196f1c21 <unknown>
#15 0x558d196fe4f0 <unknown>
#16 0x558d196f1704 <unknown>
#17 0x558d196f3ecc <unknown>
#18 0x558d196f2dc6 <unknown>
#19 0x558d196f3244 <unknown>
#20 0x558d196f1c21 <unknown>
#21 0x558d196f9eef <unknown>
#22 0x558d196f1704 <unknown>
#23 0x558d196f3ecc <unknown>
#24 0x558d196f2dc6 <unknown>
#25 0x558d196f3244 <unknown>
#26 0x558d196f1c21 <unknown>
#27 0x558d196ea8f2 <unknown>
#28 0x558d196f1704 <unknown>
#29 0x558d196f0d1a <unknown>
#30 0x558d196f0855 <unknown>
#31 0x558d1970b7a2 <unknown>
#32 0x558d196e493f <unknown>
#33 0x558d196e3875 <unknown>
#34 0x558d1976f20f <unknown>
#35 0x558d1976ea5f <unknown>
#36 0x558d19766903 <unknown>
#37 0x558d19739ece <unknown>
#38 0x558d1973afde <unknown>
#39 0x558d1999b63e <unknown>
#40 0x558d1999eb79 <unknown>
#41 0x558d1998189e <unknown>
#42 0x558d1999fa83 <unknown>
#43 0x558d19974505 <unknown>
#44 0x558d199c0ca8 <unknown>
#45 0x558d199c0e36 <unknown>
#46 0x558d199dc333 <unknown>
#47 0x7f8d4dbca1cf start_thread

Scrolled
Scrolled
Scrolled
Scrolled
Scrolled
Scrolled
Scrolled
Scrolled
Scrolled
Scrolled
Scrolled
Scrolled
Scrolled
Scrolled
Scrolled
Scrolled
Scrolled
Scrolled
Scrolled
Scrolled
Method Not Allowed: /api/
Method Not Allowed: /api/
Method Not Allowed: /api/
Scrolled
Scrolled
Scrolled
Scrolled
Scrolled
Not Found: /api
Not Found: /api
Not Found: /api
Not Found: /api
Not Found: /api
Scrolled
Scrolled
Scrolled
Scrolled
Scrolled
Method Not Allowed: /api/
Method Not Allowed: /api/
Method Not Allowed: /api/
Method Not Allowed: /api/
Method Not Allowed: /api/
Method Not Allowed: /api/
Method Not Allowed: /api/
Method Not Allowed: /api/
Scrolled
Scrolled
Scrolled
Scrolled
Scrolled
Scrolled
Scrolled
Scrolled
Scrolled
Scrolled
Message: tab crashed
  (Session info: headless chrome=108.0.5359.124)
Stacktrace:
#0 0x5574779702a3 <unknown>
#1 0x55747772edfd <unknown>
#2 0x55747771ab78 <unknown>
#3 0x55747771a250 <unknown>
#4 0x5574777193d2 <unknown>
#5 0x557477719225 <unknown>
#6 0x557477717dc6 <unknown>
#7 0x557477718244 <unknown>
#8 0x557477716c21 <unknown>
#9 0x55747772650c <unknown>
#10 0x557477716704 <unknown>
#11 0x557477718ecc <unknown>
#12 0x557477717dc6 <unknown>
#13 0x557477718244 <unknown>
#14 0x557477716c21 <unknown>
#15 0x5574777234f0 <unknown>
#16 0x557477716704 <unknown>
#17 0x557477718ecc <unknown>
#18 0x557477717dc6 <unknown>
#19 0x557477718244 <unknown>
#20 0x557477716c21 <unknown>
#21 0x55747771eeef <unknown>
#22 0x557477716704 <unknown>
#23 0x557477718ecc <unknown>
#24 0x557477717dc6 <unknown>
#25 0x557477718244 <unknown>
#26 0x557477716c21 <unknown>
#27 0x55747770f8f2 <unknown>
#28 0x557477716704 <unknown>
#29 0x557477715d1a <unknown>
#30 0x557477715855 <unknown>
#31 0x5574777307a2 <unknown>
#32 0x55747770993f <unknown>
#33 0x557477708875 <unknown>
#34 0x55747779420f <unknown>
#35 0x557477793a5f <unknown>
#36 0x55747778b903 <unknown>
#37 0x55747775eece <unknown>
#38 0x55747775ffde <unknown>
#39 0x5574779c063e <unknown>
#40 0x5574779c3b79 <unknown>
#41 0x5574779a689e <unknown>
#42 0x5574779c4a83 <unknown>
#43 0x557477999505 <unknown>
#44 0x5574779e5ca8 <unknown>
#45 0x5574779e5e36 <unknown>
#46 0x557477a01333 <unknown>
#47 0x7f5b1f9141cf start_thread

Scrolled
Scrolled
Scrolled
Scrolled
Scrolled
Scrolled
Scrolled
Scrolled
Scrolled
Scrolled
Scrolled
Scrolled
Scrolled
Scrolled
Scrolled
Scrolled
Scrolled
Scrolled
Scrolled
Scrolled
Scrolled
Scrolled
Scrolled
Scrolled
Scrolled
Scrolled
Scrolled
Scrolled
Scrolled
Scrolled
Scrolled
Scrolled
Scrolled
Scrolled
Scrolled
Not Found: /api
Not Found: /api
Scrolled
Scrolled
Scrolled
Scrolled
Scrolled
Not Found: /
Not Found: /actuator/health
Not Found: /robots.txt
Not Found: /
Not Found: /robots.txt
Method Not Allowed: /api/
Not Found: /favicon.ico
Scrolled
Scrolled
Scrolled
Scrolled
Scrolled
Scrolled
Scrolled
Scrolled
Scrolled
Scrolled
Not Found: /.env
[UID:1001][1865329] Killing runaway process PID: 1865337 with SIGTERM
[UID:1001][1865329] Child process with pid: 1865337 was killed by signal: 15, core dump: 0
Not Found: /
Method Not Allowed: /api/
Scrolled
Scrolled
Scrolled
Scrolled
Scrolled
Scrolled
Scrolled
Scrolled
Scrolled
Scrolled
Scrolled
Scrolled
Scrolled
Scrolled
Scrolled
Scrolled
Scrolled
Scrolled
Scrolled
Scrolled
Scrolled
Scrolled
Scrolled
Scrolled
Scrolled
Scrolled
Scrolled
Scrolled
Scrolled
Scrolled
Scrolled
Scrolled
Scrolled
Scrolled
Scrolled
Scrolled
Scrolled
Scrolled
Scrolled
Scrolled
Message: tab crashed
  (Session info: headless chrome=108.0.5359.124)
Stacktrace:
#0 0x557cc32b52a3 <unknown>
#1 0x557cc3073dfd <unknown>
#2 0x557cc305fb78 <unknown>
#3 0x557cc305f250 <unknown>
#4 0x557cc305e3d2 <unknown>
#5 0x557cc305e225 <unknown>
#6 0x557cc305cdc6 <unknown>
#7 0x557cc305d244 <unknown>
#8 0x557cc305bc21 <unknown>
#9 0x557cc306b50c <unknown>
#10 0x557cc305b704 <unknown>
#11 0x557cc305decc <unknown>
#12 0x557cc305cdc6 <unknown>
#13 0x557cc305d244 <unknown>
#14 0x557cc305bc21 <unknown>
#15 0x557cc30684f0 <unknown>
#16 0x557cc305b704 <unknown>
#17 0x557cc305decc <unknown>
#18 0x557cc305cdc6 <unknown>
#19 0x557cc305d244 <unknown>
#20 0x557cc305bc21 <unknown>
#21 0x557cc3063eef <unknown>
#22 0x557cc305b704 <unknown>
#23 0x557cc305decc <unknown>
#24 0x557cc305cdc6 <unknown>
#25 0x557cc305d244 <unknown>
#26 0x557cc305bc21 <unknown>
#27 0x557cc30548f2 <unknown>
#28 0x557cc305b704 <unknown>
#29 0x557cc305ad1a <unknown>
#30 0x557cc305a855 <unknown>
#31 0x557cc30757a2 <unknown>
#32 0x557cc304e93f <unknown>
#33 0x557cc304d875 <unknown>
#34 0x557cc30d920f <unknown>
#35 0x557cc30d8a5f <unknown>
#36 0x557cc30d0903 <unknown>
#37 0x557cc30a3ece <unknown>
#38 0x557cc30a4fde <unknown>
#39 0x557cc330563e <unknown>
#40 0x557cc3308b79 <unknown>
#41 0x557cc32eb89e <unknown>
#42 0x557cc3309a83 <unknown>
#43 0x557cc32de505 <unknown>
#44 0x557cc332aca8 <unknown>
#45 0x557cc332ae36 <unknown>
#46 0x557cc3346333 <unknown>
#47 0x7ff9e2af31cf start_thread

Scrolled
Scrolled
Scrolled
Scrolled
Scrolled
Scrolled
Scrolled
Scrolled
Scrolled
Scrolled
Scrolled
Scrolled
Scrolled
Scrolled
Scrolled
Scrolled
Scrolled
Scrolled
Scrolled
Scrolled
Scrolled
Scrolled
Scrolled
Scrolled
Scrolled
Scrolled
Scrolled
Scrolled
Scrolled
Scrolled
Not Found: /
Not Found: /
Not Found: /
Not Found: /
Not Found: /favicon.ico
Not Found: /robots.txt
[UID:1001][1891579] Child process with pid: 1900274 was killed by signal: 15, core dump: 0
Scrolled
Scrolled
Scrolled
Scrolled
Scrolled
Scrolled
Scrolled
Scrolled
Scrolled
Scrolled
Message: timeout: Timed out receiving message from renderer: 300.000
  (Session info: headless chrome=108.0.5359.124)
Stacktrace:
#0 0x5577bf8be2a3 <unknown>
#1 0x5577bf67cf77 <unknown>
#2 0x5577bf6674e9 <unknown>
#3 0x5577bf667225 <unknown>
#4 0x5577bf665dc6 <unknown>
#5 0x5577bf6663a8 <unknown>
#6 0x5577bf67372f <unknown>
#7 0x5577bf674382 <unknown>
#8 0x5577bf685390 <unknown>
#9 0x5577bf68971b <unknown>
#10 0x5577bf666965 <unknown>
#11 0x5577bf68513f <unknown>
#12 0x5577bf6f1390 <unknown>
#13 0x5577bf6d9903 <unknown>
#14 0x5577bf6acece <unknown>
#15 0x5577bf6adfde <unknown>
#16 0x5577bf90e63e <unknown>
#17 0x5577bf911b79 <unknown>
#18 0x5577bf8f489e <unknown>
#19 0x5577bf912a83 <unknown>
#20 0x5577bf8e7505 <unknown>
#21 0x5577bf933ca8 <unknown>
#22 0x5577bf933e36 <unknown>
#23 0x5577bf94f333 <unknown>
#24 0x7fa995d751cf start_thread

Scrolled
Scrolled
Scrolled
Scrolled
Scrolled
Not Found: /wp-login.php
Not Found: /robots.txt
Not Found: /
Not Found: /x.php
Not Found: /alfa.php
Not Found: /c99.php
Not Found: /mini.php
Not Found: /a.php
Not Found: /wso.php
Not Found: /home.php
Not Found: /shell.php
Not Found: /leaf.php
Not Found: /wp-admin.php
Not Found: /leafmailer2.8.php
Not Found: /wso.php
Invalid HTTP_HOST header: ':0'. The domain name provided is not valid according to RFC 1034/1035.
Traceback (most recent call last):
  File "/home/paaextract/virtualenv/peoplealsoask/3.8/lib/python3.8/site-packages/django/core/handlers/exception.py", line 55, in inner
    response = get_response(request)
  File "/home/paaextract/virtualenv/peoplealsoask/3.8/lib/python3.8/site-packages/django/utils/deprecation.py", line 135, in __call__
    response = self.process_request(request)
  File "/home/paaextract/virtualenv/peoplealsoask/3.8/lib/python3.8/site-packages/django/middleware/common.py", line 48, in process_request
    host = request.get_host()
  File "/home/paaextract/virtualenv/peoplealsoask/3.8/lib/python3.8/site-packages/django/http/request.py", line 148, in get_host
    raise DisallowedHost(msg)
django.core.exceptions.DisallowedHost: Invalid HTTP_HOST header: ':0'. The domain name provided is not valid according to RFC 1034/1035.
Bad Request: /favicon.ico
Not Found: /a.php
Not Found: /leaf.php
Not Found: /alex.php
Not Found: /uploader.php
Not Found: /mailer.php
Not Found: /anone.php
Not Found: /a.php
Not Found: /wp-configer.php
Not Found: /alfa.php
Not Found: /wso.php
Not Found: /c.php
Not Found: /1.php
Not Found: /send.php
Not Found: /3.php
Not Found: /404.php
Not Found: /sym.php
Not Found: /wp-confirm.php
Not Found: /images/vuln.php
Not Found: /dr.php
Not Found: /upload.php
Not Found: /bypass.php
Not Found: /wp-blog.php
Not Found: /data.php
Not Found: /owl.php
Not Found: /vuln.php
Not Found: /symlink.php
Not Found: /ohayo.php
Not Found: /100.php
Not Found: /777.php
Not Found: /wp-content/wp-logins.php
Not Found: /1index.php
Not Found: /wp-wso.php
Not Found: /2index.php
Not Found: /wp-content/wp-admin.php
Not Found: /wp-configer.php
Not Found: /wp-admin.php
Not Found: /mini.php
Not Found: /old-index.php
Not Found: /doc.php
Not Found: /ups.php
Not Found: /shx.php
Not Found: /FoxWSO.php
Not Found: /x.php
Not Found: /cms.php
Not Found: /stindex.php
Not Found: /wp-uploads.php
Not Found: /autoload_classmap.php
Not Found: /Gel.php
Not Found: /defau1t.php
Not Found: /0byte.php
Not Found: /wp.php
Not Found: /41.php
Not Found: /media-admin.php
Not Found: /4price.php
Not Found: /MARIJUANA.php
Not Found: /marijuana.php
Not Found: /f.php
Not Found: /
Not Found: /
Not Found: /
Not Found: /
Not Found: /
Not Found: /
Not Found: /
Not Found: /
Not Found: /
Not Found: /
Not Found: /
Not Found: /
Not Found: /
Not Found: /
Not Found: /remote/fgt_lang
Not Found: /
Not Found: /
Not Found: /
Not Found: /
Not Found: /
Not Found: /
Not Found: /
Not Found: /
Not Found: /
Not Found: /
Not Found: /
Not Found: /
Not Found: /
Not Found: /
Not Found: /
Not Found: /
Not Found: /
Not Found: /wp-includes/wlwmanifest.xml
Not Found: /xmlrpc.php
Not Found: /
Not Found: /blog/wp-includes/wlwmanifest.xml
Not Found: /web/wp-includes/wlwmanifest.xml
Not Found: /wordpress/wp-includes/wlwmanifest.xml
Not Found: /website/wp-includes/wlwmanifest.xml
Not Found: /wp/wp-includes/wlwmanifest.xml
Not Found: /news/wp-includes/wlwmanifest.xml
Not Found: /2020/wp-includes/wlwmanifest.xml
Not Found: /2019/wp-includes/wlwmanifest.xml
Not Found: /shop/wp-includes/wlwmanifest.xml
Not Found: /wp1/wp-includes/wlwmanifest.xml
Not Found: /test/wp-includes/wlwmanifest.xml
Not Found: /wp2/wp-includes/wlwmanifest.xml
Not Found: /site/wp-includes/wlwmanifest.xml
Not Found: /cms/wp-includes/wlwmanifest.xml
Not Found: /sito/wp-includes/wlwmanifest.xml
Not Found: /
Not Found: /
Not Found: /
Not Found: /
Not Found: /
Not Found: /
Not Found: /
Not Found: /
Not Found: /
Not Found: /
Not Found: /
Not Found: /
Not Found: /
Not Found: /
Not Found: /
Not Found: /
Not Found: /
Not Found: /
Not Found: /
Not Found: /
Not Found: /
Not Found: /
Not Found: /
[WDM] - Downloading:   0%|          | 0.00/6.96M [00:00<?, ?B/s][WDM] - Downloading:  53%|#####3    | 3.71M/6.96M [00:00<00:00, 36.9MB/s][WDM] - Downloading: 100%|##########| 6.96M/6.96M [00:00<00:00, 52.2MB/s]
Scrolled
Scrolled
Scrolled
Scrolled
Scrolled
Scrolled
Scrolled
Scrolled
Scrolled
Scrolled
Not Found: /.env
Not Found: /
Not Found: /robots.txt
Not Found: /
Not Found: /
Not Found: /system_api.php
Not Found: /c/version.js
Not Found: /streaming/clients_live.php
Not Found: /stalker_portal/c/version.js
Not Found: /stream/live.php
Not Found: /flu/403.html
Not Found: /
Not Found: /owa/auth/logon.aspx
Not Found: /robots.txt
Not Found: /
Not Found: /remote/fgt_lang
Not Found: /.env
Not Found: /
Not Found: /
Not Found: /
Not Found: /
Invalid HTTP_HOST header: ':0'. The domain name provided is not valid according to RFC 1034/1035.
Traceback (most recent call last):
  File "/home/paaextract/virtualenv/peoplealsoask/3.8/lib/python3.8/site-packages/django/core/handlers/exception.py", line 55, in inner
    response = get_response(request)
  File "/home/paaextract/virtualenv/peoplealsoask/3.8/lib/python3.8/site-packages/django/utils/deprecation.py", line 135, in __call__
    response = self.process_request(request)
  File "/home/paaextract/virtualenv/peoplealsoask/3.8/lib/python3.8/site-packages/django/middleware/common.py", line 48, in process_request
    host = request.get_host()
  File "/home/paaextract/virtualenv/peoplealsoask/3.8/lib/python3.8/site-packages/django/http/request.py", line 148, in get_host
    raise DisallowedHost(msg)
django.core.exceptions.DisallowedHost: Invalid HTTP_HOST header: ':0'. The domain name provided is not valid according to RFC 1034/1035.
Bad Request: /favicon.ico
Not Found: /owa/auth/logon.aspx
Not Found: /
Not Found: /
Not Found: /ecp/Current/exporttool/microsoft.exchange.ediscovery.exporttool.application
Not Found: /owa/auth/x.js
Not Found: /autodiscover/autodiscover.json
Not Found: /
Not Found: /
Not Found: /
Not Found: /showLogin.cc
Not Found: /
Not Found: /
Not Found: /
Not Found: /
Not Found: /wp-includes/wlwmanifest.xml
Not Found: /xmlrpc.php
Not Found: /
Not Found: /blog/wp-includes/wlwmanifest.xml
Not Found: /web/wp-includes/wlwmanifest.xml
Not Found: /wordpress/wp-includes/wlwmanifest.xml
Not Found: /website/wp-includes/wlwmanifest.xml
Not Found: /wp/wp-includes/wlwmanifest.xml
Not Found: /news/wp-includes/wlwmanifest.xml
Not Found: /2018/wp-includes/wlwmanifest.xml
Not Found: /2019/wp-includes/wlwmanifest.xml
Not Found: /shop/wp-includes/wlwmanifest.xml
Not Found: /wp1/wp-includes/wlwmanifest.xml
Not Found: /test/wp-includes/wlwmanifest.xml
Not Found: /media/wp-includes/wlwmanifest.xml
Not Found: /wp2/wp-includes/wlwmanifest.xml
Not Found: /site/wp-includes/wlwmanifest.xml
Not Found: /cms/wp-includes/wlwmanifest.xml
Not Found: /sito/wp-includes/wlwmanifest.xml
Not Found: /
Not Found: /
Not Found: /
Not Found: /
Not Found: /
Not Found: /
Not Found: /wp-includes/wlwmanifest.xml
Not Found: /xmlrpc.php
Not Found: /
Not Found: /blog/wp-includes/wlwmanifest.xml
Not Found: /web/wp-includes/wlwmanifest.xml
Not Found: /wordpress/wp-includes/wlwmanifest.xml
Not Found: /website/wp-includes/wlwmanifest.xml
Not Found: /wp/wp-includes/wlwmanifest.xml
Not Found: /news/wp-includes/wlwmanifest.xml
Not Found: /2020/wp-includes/wlwmanifest.xml
Not Found: /2019/wp-includes/wlwmanifest.xml
Not Found: /shop/wp-includes/wlwmanifest.xml
Not Found: /wp1/wp-includes/wlwmanifest.xml
Not Found: /test/wp-includes/wlwmanifest.xml
Not Found: /wp2/wp-includes/wlwmanifest.xml
Not Found: /site/wp-includes/wlwmanifest.xml
Not Found: /cms/wp-includes/wlwmanifest.xml
Not Found: /sito/wp-includes/wlwmanifest.xml
Not Found: /
Not Found: /
Not Found: /
Not Found: /favicon.ico
Not Found: /robots.txt
Not Found: /
Not Found: /
Not Found: /
Not Found: /wp-includes/wlwmanifest.xml
Not Found: /xmlrpc.php
Not Found: /
Not Found: /blog/wp-includes/wlwmanifest.xml
Not Found: /web/wp-includes/wlwmanifest.xml
Not Found: /wordpress/wp-includes/wlwmanifest.xml
Not Found: /website/wp-includes/wlwmanifest.xml
Not Found: /wp/wp-includes/wlwmanifest.xml
Not Found: /news/wp-includes/wlwmanifest.xml
Not Found: /2020/wp-includes/wlwmanifest.xml
Not Found: /2019/wp-includes/wlwmanifest.xml
Not Found: /shop/wp-includes/wlwmanifest.xml
Not Found: /wp1/wp-includes/wlwmanifest.xml
Not Found: /test/wp-includes/wlwmanifest.xml
Not Found: /wp2/wp-includes/wlwmanifest.xml
Not Found: /site/wp-includes/wlwmanifest.xml
Not Found: /cms/wp-includes/wlwmanifest.xml
Not Found: /sito/wp-includes/wlwmanifest.xml
Not Found: /
Not Found: /
Not Found: /dns-query
Not Found: /
Not Found: /
Not Found: /
Not Found: /
Scrolled
Scrolled
Scrolled
Scrolled
Scrolled
Scrolled
Scrolled
Scrolled
Scrolled
Scrolled
Scrolled
Scrolled
Scrolled
Scrolled
Scrolled
Scrolled
Scrolled
Scrolled
Scrolled
Scrolled
Scrolled
Scrolled
Scrolled
Scrolled
Scrolled
Scrolled
Scrolled
Scrolled
Scrolled
Scrolled
Message: unknown error: Chrome failed to start: crashed.
  (chrome not reachable)
  (The process started from chrome location /opt/google/chrome/google-chrome is no longer running, so ChromeDriver is assuming that Chrome has crashed.)
Stacktrace:
#0 0x5599c5e0e2a3 <unknown>
#1 0x5599c5bccf77 <unknown>
#2 0x5599c5bf55f7 <unknown>
#3 0x5599c5bf17d0 <unknown>
#4 0x5599c5c320b7 <unknown>
#5 0x5599c5c31a5f <unknown>
#6 0x5599c5c29903 <unknown>
#7 0x5599c5bfcece <unknown>
#8 0x5599c5bfdfde <unknown>
#9 0x5599c5e5e63e <unknown>
#10 0x5599c5e61b79 <unknown>
#11 0x5599c5e4489e <unknown>
#12 0x5599c5e62a83 <unknown>
#13 0x5599c5e37505 <unknown>
#14 0x5599c5e83ca8 <unknown>
#15 0x5599c5e83e36 <unknown>
#16 0x5599c5e9f333 <unknown>
#17 0x7f9fc8a1a1cf start_thread

Message: unknown error: Chrome failed to start: crashed.
  (unknown error: DevToolsActivePort file doesn't exist)
  (The process started from chrome location /opt/google/chrome/google-chrome is no longer running, so ChromeDriver is assuming that Chrome has crashed.)
Stacktrace:
#0 0x55b0e2aff2a3 <unknown>
#1 0x55b0e28bdf77 <unknown>
#2 0x55b0e28e65f7 <unknown>
#3 0x55b0e28e27d0 <unknown>
#4 0x55b0e29230b7 <unknown>
#5 0x55b0e2922a5f <unknown>
#6 0x55b0e291a903 <unknown>
#7 0x55b0e28edece <unknown>
#8 0x55b0e28eefde <unknown>
#9 0x55b0e2b4f63e <unknown>
#10 0x55b0e2b52b79 <unknown>
#11 0x55b0e2b3589e <unknown>
#12 0x55b0e2b53a83 <unknown>
#13 0x55b0e2b28505 <unknown>
#14 0x55b0e2b74ca8 <unknown>
#15 0x55b0e2b74e36 <unknown>
#16 0x55b0e2b90333 <unknown>
#17 0x7f31792fd1cf start_thread

Message: unknown error: Chrome failed to start: crashed.
  (chrome not reachable)
  (The process started from chrome location /opt/google/chrome/google-chrome is no longer running, so ChromeDriver is assuming that Chrome has crashed.)
Stacktrace:
#0 0x555e1087e2a3 <unknown>
#1 0x555e1063cf77 <unknown>
#2 0x555e106655f7 <unknown>
#3 0x555e106617d0 <unknown>
#4 0x555e106a20b7 <unknown>
#5 0x555e106a1a5f <unknown>
#6 0x555e10699903 <unknown>
#7 0x555e1066cece <unknown>
#8 0x555e1066dfde <unknown>
#9 0x555e108ce63e <unknown>
#10 0x555e108d1b79 <unknown>
#11 0x555e108b489e <unknown>
#12 0x555e108d2a83 <unknown>
#13 0x555e108a7505 <unknown>
#14 0x555e108f3ca8 <unknown>
#15 0x555e108f3e36 <unknown>
#16 0x555e1090f333 <unknown>
#17 0x7fc7dea8a1cf start_thread

Message: unknown error: Chrome failed to start: crashed.
  (unknown error: DevToolsActivePort file doesn't exist)
  (The process started from chrome location /opt/google/chrome/google-chrome is no longer running, so ChromeDriver is assuming that Chrome has crashed.)
Stacktrace:
#0 0x55fb776a32a3 <unknown>
#1 0x55fb77461f77 <unknown>
#2 0x55fb7748a5f7 <unknown>
#3 0x55fb774867d0 <unknown>
#4 0x55fb774c70b7 <unknown>
#5 0x55fb774c6a5f <unknown>
#6 0x55fb774be903 <unknown>
#7 0x55fb77491ece <unknown>
#8 0x55fb77492fde <unknown>
#9 0x55fb776f363e <unknown>
#10 0x55fb776f6b79 <unknown>
#11 0x55fb776d989e <unknown>
#12 0x55fb776f7a83 <unknown>
#13 0x55fb776cc505 <unknown>
#14 0x55fb77718ca8 <unknown>
#15 0x55fb77718e36 <unknown>
#16 0x55fb77734333 <unknown>
#17 0x7f208feff1cf start_thread

Message: unknown error: Chrome failed to start: crashed.
  (chrome not reachable)
  (The process started from chrome location /opt/google/chrome/google-chrome is no longer running, so ChromeDriver is assuming that Chrome has crashed.)
Stacktrace:
#0 0x55a8716092a3 <unknown>
#1 0x55a8713c7f77 <unknown>
#2 0x55a8713f05f7 <unknown>
#3 0x55a8713ec7d0 <unknown>
#4 0x55a87142d0b7 <unknown>
#5 0x55a87142ca5f <unknown>
#6 0x55a871424903 <unknown>
#7 0x55a8713f7ece <unknown>
#8 0x55a8713f8fde <unknown>
#9 0x55a87165963e <unknown>
#10 0x55a87165cb79 <unknown>
#11 0x55a87163f89e <unknown>
#12 0x55a87165da83 <unknown>
#13 0x55a871632505 <unknown>
#14 0x55a87167eca8 <unknown>
#15 0x55a87167ee36 <unknown>
#16 0x55a87169a333 <unknown>
#17 0x7fa0626821cf start_thread

Message: unknown error: Chrome failed to start: crashed.
  (unknown error: DevToolsActivePort file doesn't exist)
  (The process started from chrome location /opt/google/chrome/google-chrome is no longer running, so ChromeDriver is assuming that Chrome has crashed.)
Stacktrace:
#0 0x55c4feb9b2a3 <unknown>
#1 0x55c4fe959f77 <unknown>
#2 0x55c4fe9825f7 <unknown>
#3 0x55c4fe97e7d0 <unknown>
#4 0x55c4fe9bf0b7 <unknown>
#5 0x55c4fe9bea5f <unknown>
#6 0x55c4fe9b6903 <unknown>
#7 0x55c4fe989ece <unknown>
#8 0x55c4fe98afde <unknown>
#9 0x55c4febeb63e <unknown>
#10 0x55c4febeeb79 <unknown>
#11 0x55c4febd189e <unknown>
#12 0x55c4febefa83 <unknown>
#13 0x55c4febc4505 <unknown>
#14 0x55c4fec10ca8 <unknown>
#15 0x55c4fec10e36 <unknown>
#16 0x55c4fec2c333 <unknown>
#17 0x7f6bf6af71cf start_thread

Method Not Allowed: /api/
Method Not Allowed: /api/
Not Found: /robots.txt
Method Not Allowed: /api/
Method Not Allowed: /api/
Message: unknown error: Chrome failed to start: crashed.
  (unknown error: DevToolsActivePort file doesn't exist)
  (The process started from chrome location /opt/google/chrome/google-chrome is no longer running, so ChromeDriver is assuming that Chrome has crashed.)
Stacktrace:
#0 0x55abe05a22a3 <unknown>
#1 0x55abe0360f77 <unknown>
#2 0x55abe03895f7 <unknown>
#3 0x55abe03857d0 <unknown>
#4 0x55abe03c60b7 <unknown>
#5 0x55abe03c5a5f <unknown>
#6 0x55abe03bd903 <unknown>
#7 0x55abe0390ece <unknown>
#8 0x55abe0391fde <unknown>
#9 0x55abe05f263e <unknown>
#10 0x55abe05f5b79 <unknown>
#11 0x55abe05d889e <unknown>
#12 0x55abe05f6a83 <unknown>
#13 0x55abe05cb505 <unknown>
#14 0x55abe0617ca8 <unknown>
#15 0x55abe0617e36 <unknown>
#16 0x55abe0633333 <unknown>
#17 0x7feba0bf61cf start_thread

Message: unknown error: Chrome failed to start: crashed.
  (unknown error: DevToolsActivePort file doesn't exist)
  (The process started from chrome location /opt/google/chrome/google-chrome is no longer running, so ChromeDriver is assuming that Chrome has crashed.)
Stacktrace:
#0 0x56362e59c2a3 <unknown>
#1 0x56362e35af77 <unknown>
#2 0x56362e3835f7 <unknown>
#3 0x56362e37f7d0 <unknown>
#4 0x56362e3c00b7 <unknown>
#5 0x56362e3bfa5f <unknown>
#6 0x56362e3b7903 <unknown>
#7 0x56362e38aece <unknown>
#8 0x56362e38bfde <unknown>
#9 0x56362e5ec63e <unknown>
#10 0x56362e5efb79 <unknown>
#11 0x56362e5d289e <unknown>
#12 0x56362e5f0a83 <unknown>
#13 0x56362e5c5505 <unknown>
#14 0x56362e611ca8 <unknown>
#15 0x56362e611e36 <unknown>
#16 0x56362e62d333 <unknown>
#17 0x7f95a5e2a1cf start_thread

Message: unknown error: Chrome failed to start: crashed.
  (unknown error: DevToolsActivePort file doesn't exist)
  (The process started from chrome location /opt/google/chrome/google-chrome is no longer running, so ChromeDriver is assuming that Chrome has crashed.)
Stacktrace:
#0 0x55e5dadd92a3 <unknown>
#1 0x55e5dab97f77 <unknown>
#2 0x55e5dabc05f7 <unknown>
#3 0x55e5dabbc7d0 <unknown>
#4 0x55e5dabfd0b7 <unknown>
#5 0x55e5dabfca5f <unknown>
#6 0x55e5dabf4903 <unknown>
#7 0x55e5dabc7ece <unknown>
#8 0x55e5dabc8fde <unknown>
#9 0x55e5dae2963e <unknown>
#10 0x55e5dae2cb79 <unknown>
#11 0x55e5dae0f89e <unknown>
#12 0x55e5dae2da83 <unknown>
#13 0x55e5dae02505 <unknown>
#14 0x55e5dae4eca8 <unknown>
#15 0x55e5dae4ee36 <unknown>
#16 0x55e5dae6a333 <unknown>
#17 0x7f5211ee31cf start_thread

Message: unknown error: Chrome failed to start: crashed.
  (unknown error: DevToolsActivePort file doesn't exist)
  (The process started from chrome location /opt/google/chrome/google-chrome is no longer running, so ChromeDriver is assuming that Chrome has crashed.)
Stacktrace:
#0 0x55fd7a97b2a3 <unknown>
#1 0x55fd7a739f77 <unknown>
#2 0x55fd7a7625f7 <unknown>
#3 0x55fd7a75e7d0 <unknown>
#4 0x55fd7a79f0b7 <unknown>
#5 0x55fd7a79ea5f <unknown>
#6 0x55fd7a796903 <unknown>
#7 0x55fd7a769ece <unknown>
#8 0x55fd7a76afde <unknown>
#9 0x55fd7a9cb63e <unknown>
#10 0x55fd7a9ceb79 <unknown>
#11 0x55fd7a9b189e <unknown>
#12 0x55fd7a9cfa83 <unknown>
#13 0x55fd7a9a4505 <unknown>
#14 0x55fd7a9f0ca8 <unknown>
#15 0x55fd7a9f0e36 <unknown>
#16 0x55fd7aa0c333 <unknown>
#17 0x7f852685c1cf start_thread

Message: unknown error: Chrome failed to start: crashed.
  (unknown error: DevToolsActivePort file doesn't exist)
  (The process started from chrome location /opt/google/chrome/google-chrome is no longer running, so ChromeDriver is assuming that Chrome has crashed.)
Stacktrace:
#0 0x561bb02f82a3 <unknown>
#1 0x561bb00b6f77 <unknown>
#2 0x561bb00df5f7 <unknown>
#3 0x561bb00db7d0 <unknown>
#4 0x561bb011c0b7 <unknown>
#5 0x561bb011ba5f <unknown>
#6 0x561bb0113903 <unknown>
#7 0x561bb00e6ece <unknown>
#8 0x561bb00e7fde <unknown>
#9 0x561bb034863e <unknown>
#10 0x561bb034bb79 <unknown>
#11 0x561bb032e89e <unknown>
#12 0x561bb034ca83 <unknown>
#13 0x561bb0321505 <unknown>
#14 0x561bb036dca8 <unknown>
#15 0x561bb036de36 <unknown>
#16 0x561bb0389333 <unknown>
#17 0x7fa7755cb1cf start_thread

Message: unknown error: Chrome failed to start: crashed.
  (unknown error: DevToolsActivePort file doesn't exist)
  (The process started from chrome location /opt/google/chrome/google-chrome is no longer running, so ChromeDriver is assuming that Chrome has crashed.)
Stacktrace:
#0 0x55fff273c2a3 <unknown>
#1 0x55fff24faf77 <unknown>
#2 0x55fff25235f7 <unknown>
#3 0x55fff251f7d0 <unknown>
#4 0x55fff25600b7 <unknown>
#5 0x55fff255fa5f <unknown>
#6 0x55fff2557903 <unknown>
#7 0x55fff252aece <unknown>
#8 0x55fff252bfde <unknown>
#9 0x55fff278c63e <unknown>
#10 0x55fff278fb79 <unknown>
#11 0x55fff277289e <unknown>
#12 0x55fff2790a83 <unknown>
#13 0x55fff2765505 <unknown>
#14 0x55fff27b1ca8 <unknown>
#15 0x55fff27b1e36 <unknown>
#16 0x55fff27cd333 <unknown>
#17 0x7f104dc771cf start_thread

Message: unknown error: Chrome failed to start: crashed.
  (unknown error: DevToolsActivePort file doesn't exist)
  (The process started from chrome location /opt/google/chrome/google-chrome is no longer running, so ChromeDriver is assuming that Chrome has crashed.)
Stacktrace:
#0 0x556167eb52a3 <unknown>
#1 0x556167c73f77 <unknown>
#2 0x556167c9c5f7 <unknown>
#3 0x556167c987d0 <unknown>
#4 0x556167cd90b7 <unknown>
#5 0x556167cd8a5f <unknown>
#6 0x556167cd0903 <unknown>
#7 0x556167ca3ece <unknown>
#8 0x556167ca4fde <unknown>
#9 0x556167f0563e <unknown>
#10 0x556167f08b79 <unknown>
#11 0x556167eeb89e <unknown>
#12 0x556167f09a83 <unknown>
#13 0x556167ede505 <unknown>
#14 0x556167f2aca8 <unknown>
#15 0x556167f2ae36 <unknown>
#16 0x556167f46333 <unknown>
#17 0x7f38163ff1cf start_thread

Message: timeout: Timed out receiving message from renderer: 600.000
  (Session info: headless chrome=108.0.5359.124)
Stacktrace:
#0 0x55baba25c2a3 <unknown>
#1 0x55baba01af77 <unknown>
#2 0x55baba0054e9 <unknown>
#3 0x55baba005225 <unknown>
#4 0x55baba003dc6 <unknown>
#5 0x55baba004244 <unknown>
#6 0x55baba002c21 <unknown>
#7 0x55baba01250c <unknown>
#8 0x55baba002704 <unknown>
#9 0x55baba004ecc <unknown>
#10 0x55baba003dc6 <unknown>
#11 0x55baba004244 <unknown>
#12 0x55baba002c21 <unknown>
#13 0x55baba00f4f0 <unknown>
#14 0x55baba002704 <unknown>
#15 0x55baba004ecc <unknown>
#16 0x55baba003dc6 <unknown>
#17 0x55baba004244 <unknown>
#18 0x55baba002c21 <unknown>
#19 0x55baba00aeef <unknown>
#20 0x55baba002704 <unknown>
#21 0x55baba004ecc <unknown>
#22 0x55baba003dc6 <unknown>
#23 0x55baba004244 <unknown>
#24 0x55baba002c21 <unknown>
#25 0x55bab9ffb8f2 <unknown>
#26 0x55baba002704 <unknown>
#27 0x55baba001d1a <unknown>
#28 0x55baba001855 <unknown>
#29 0x55baba01c7a2 <unknown>
#30 0x55bab9ff593f <unknown>
#31 0x55bab9ff4875 <unknown>
#32 0x55baba08020f <unknown>
#33 0x55baba07fa5f <unknown>
#34 0x55baba077903 <unknown>
#35 0x55baba04aece <unknown>
#36 0x55baba04bfde <unknown>
#37 0x55baba2ac63e <unknown>
#38 0x55baba2afb79 <unknown>
#39 0x55baba29289e <unknown>
#40 0x55baba2b0a83 <unknown>
#41 0x55baba285505 <unknown>
#42 0x55baba2d1ca8 <unknown>
#43 0x55baba2d1e36 <unknown>
#44 0x55baba2ed333 <unknown>
#45 0x7f8d0d04d1cf start_thread

OSError: LSAPI: Socket read/write error
